[0.554s] Invoking command in '/home/suyanne/Documents/edra/ros2_ws/src/my_robot_controller': PYTHONPATH=/home/suyanne/Documents/edra/ros2_ws/build/my_robot_controller/prefix_override:/home/suyanne/Documents/edra/ros2_ws/install/my_robot_controller/lib/python3.10/site-packages:${PYTHONPATH} /usr/bin/python3 setup.py egg_info --egg-base ../../build/my_robot_controller build --build-base /home/suyanne/Documents/edra/ros2_ws/build/my_robot_controller/build install --record /home/suyanne/Documents/edra/ros2_ws/build/my_robot_controller/install.log --single-version-externally-managed
[0.740s] running egg_info
[0.741s] creating ../../build/my_robot_controller/my_robot_controller.egg-info
[0.741s] writing ../../build/my_robot_controller/my_robot_controller.egg-info/PKG-INFO
[0.741s] writing dependency_links to ../../build/my_robot_controller/my_robot_controller.egg-info/dependency_links.txt
[0.741s] writing entry points to ../../build/my_robot_controller/my_robot_controller.egg-info/entry_points.txt
[0.742s] writing requirements to ../../build/my_robot_controller/my_robot_controller.egg-info/requires.txt
[0.742s] writing top-level names to ../../build/my_robot_controller/my_robot_controller.egg-info/top_level.txt
[0.742s] writing manifest file '../../build/my_robot_controller/my_robot_controller.egg-info/SOURCES.txt'
[0.743s] reading manifest file '../../build/my_robot_controller/my_robot_controller.egg-info/SOURCES.txt'
[0.744s] writing manifest file '../../build/my_robot_controller/my_robot_controller.egg-info/SOURCES.txt'
[0.744s] running build
[0.744s] running build_py
[0.744s] creating /home/suyanne/Documents/edra/ros2_ws/build/my_robot_controller/build
[0.744s] creating /home/suyanne/Documents/edra/ros2_ws/build/my_robot_controller/build/lib
[0.744s] creating /home/suyanne/Documents/edra/ros2_ws/build/my_robot_controller/build/lib/my_robot_controller
[0.745s] copying my_robot_controller/__init__.py -> /home/suyanne/Documents/edra/ros2_ws/build/my_robot_controller/build/lib/my_robot_controller
[0.745s] running install
[0.745s] /usr/lib/python3/dist-packages/setuptools/command/install.py:34: SetuptoolsDeprecationWarning: setup.py install is deprecated. Use build and pip and other standards-based tools.
[0.745s]   warnings.warn(
[0.745s] running install_lib
[0.746s] running install_data
[0.746s] running install_egg_info
[0.748s] removing '/home/suyanne/Documents/edra/ros2_ws/install/my_robot_controller/lib/python3.10/site-packages/my_robot_controller-0.0.0-py3.10.egg-info' (and everything under it)
[0.748s] Copying ../../build/my_robot_controller/my_robot_controller.egg-info to /home/suyanne/Documents/edra/ros2_ws/install/my_robot_controller/lib/python3.10/site-packages/my_robot_controller-0.0.0-py3.10.egg-info
[0.749s] running install_scripts
[0.766s] writing list of installed files to '/home/suyanne/Documents/edra/ros2_ws/build/my_robot_controller/install.log'
[0.783s] Invoked command in '/home/suyanne/Documents/edra/ros2_ws/src/my_robot_controller' returned '0': PYTHONPATH=/home/suyanne/Documents/edra/ros2_ws/build/my_robot_controller/prefix_override:/home/suyanne/Documents/edra/ros2_ws/install/my_robot_controller/lib/python3.10/site-packages:${PYTHONPATH} /usr/bin/python3 setup.py egg_info --egg-base ../../build/my_robot_controller build --build-base /home/suyanne/Documents/edra/ros2_ws/build/my_robot_controller/build install --record /home/suyanne/Documents/edra/ros2_ws/build/my_robot_controller/install.log --single-version-externally-managed
