[0.592s] Invoking command in '/home/suyanne/Documents/edra/ros2_ws/src/my_robot_controller': PYTHONPATH=/home/suyanne/Documents/edra/ros2_ws/build/my_robot_controller/prefix_override:/home/suyanne/Documents/edra/ros2_ws/install/my_robot_controller/lib/python3.10/site-packages:${PYTHONPATH} /usr/bin/python3 setup.py egg_info --egg-base ../../build/my_robot_controller build --build-base /home/suyanne/Documents/edra/ros2_ws/build/my_robot_controller/build install --record /home/suyanne/Documents/edra/ros2_ws/build/my_robot_controller/install.log --single-version-externally-managed
[0.783s] running egg_info
[0.783s] writing ../../build/my_robot_controller/my_robot_controller.egg-info/PKG-INFO
[0.783s] writing dependency_links to ../../build/my_robot_controller/my_robot_controller.egg-info/dependency_links.txt
[0.784s] writing entry points to ../../build/my_robot_controller/my_robot_controller.egg-info/entry_points.txt
[0.784s] writing requirements to ../../build/my_robot_controller/my_robot_controller.egg-info/requires.txt
[0.784s] writing top-level names to ../../build/my_robot_controller/my_robot_controller.egg-info/top_level.txt
[0.785s] reading manifest file '../../build/my_robot_controller/my_robot_controller.egg-info/SOURCES.txt'
[0.786s] writing manifest file '../../build/my_robot_controller/my_robot_controller.egg-info/SOURCES.txt'
[0.786s] running build
[0.786s] running build_py
[0.786s] copying my_robot_controller/my_first_node.py -> /home/suyanne/Documents/edra/ros2_ws/build/my_robot_controller/build/lib/my_robot_controller
[0.786s] running install
[0.787s] /usr/lib/python3/dist-packages/setuptools/command/install.py:34: SetuptoolsDeprecationWarning: setup.py install is deprecated. Use build and pip and other standards-based tools.
[0.787s]   warnings.warn(
[0.787s] running install_lib
[0.788s] copying /home/suyanne/Documents/edra/ros2_ws/build/my_robot_controller/build/lib/my_robot_controller/my_first_node.py -> /home/suyanne/Documents/edra/ros2_ws/install/my_robot_controller/lib/python3.10/site-packages/my_robot_controller
[0.788s] byte-compiling /home/suyanne/Documents/edra/ros2_ws/install/my_robot_controller/lib/python3.10/site-packages/my_robot_controller/my_first_node.py to my_first_node.cpython-310.pyc
[0.788s] running install_data
[0.789s] running install_egg_info
[0.791s] removing '/home/suyanne/Documents/edra/ros2_ws/install/my_robot_controller/lib/python3.10/site-packages/my_robot_controller-0.0.0-py3.10.egg-info' (and everything under it)
[0.791s] Copying ../../build/my_robot_controller/my_robot_controller.egg-info to /home/suyanne/Documents/edra/ros2_ws/install/my_robot_controller/lib/python3.10/site-packages/my_robot_controller-0.0.0-py3.10.egg-info
[0.792s] running install_scripts
[0.810s] writing list of installed files to '/home/suyanne/Documents/edra/ros2_ws/build/my_robot_controller/install.log'
[0.829s] Invoked command in '/home/suyanne/Documents/edra/ros2_ws/src/my_robot_controller' returned '0': PYTHONPATH=/home/suyanne/Documents/edra/ros2_ws/build/my_robot_controller/prefix_override:/home/suyanne/Documents/edra/ros2_ws/install/my_robot_controller/lib/python3.10/site-packages:${PYTHONPATH} /usr/bin/python3 setup.py egg_info --egg-base ../../build/my_robot_controller build --build-base /home/suyanne/Documents/edra/ros2_ws/build/my_robot_controller/build install --record /home/suyanne/Documents/edra/ros2_ws/build/my_robot_controller/install.log --single-version-externally-managed
