[0.628s] Invoking command in '/home/suyanne/Documents/edra/ros2_ws/src/my_robot_controller': PYTHONPATH=/home/suyanne/Documents/edra/ros2_ws/build/my_robot_controller/prefix_override:/home/suyanne/Documents/edra/ros2_ws/install/my_robot_controller/lib/python3.10/site-packages:${PYTHONPATH} /usr/bin/python3 setup.py egg_info --egg-base ../../build/my_robot_controller build --build-base /home/suyanne/Documents/edra/ros2_ws/build/my_robot_controller/build install --record /home/suyanne/Documents/edra/ros2_ws/build/my_robot_controller/install.log --single-version-externally-managed
[0.825s] running egg_info
[0.825s] creating ../../build/my_robot_controller/my_robot_controller.egg-info
[0.825s] writing ../../build/my_robot_controller/my_robot_controller.egg-info/PKG-INFO
[0.825s] writing dependency_links to ../../build/my_robot_controller/my_robot_controller.egg-info/dependency_links.txt
[0.825s] writing entry points to ../../build/my_robot_controller/my_robot_controller.egg-info/entry_points.txt
[0.825s] writing requirements to ../../build/my_robot_controller/my_robot_controller.egg-info/requires.txt
[0.825s] writing top-level names to ../../build/my_robot_controller/my_robot_controller.egg-info/top_level.txt
[0.826s] writing manifest file '../../build/my_robot_controller/my_robot_controller.egg-info/SOURCES.txt'
[0.827s] reading manifest file '../../build/my_robot_controller/my_robot_controller.egg-info/SOURCES.txt'
[0.827s] writing manifest file '../../build/my_robot_controller/my_robot_controller.egg-info/SOURCES.txt'
[0.828s] running build
[0.828s] running build_py
[0.828s] creating /home/suyanne/Documents/edra/ros2_ws/build/my_robot_controller/build
[0.828s] creating /home/suyanne/Documents/edra/ros2_ws/build/my_robot_controller/build/lib
[0.828s] creating /home/suyanne/Documents/edra/ros2_ws/build/my_robot_controller/build/lib/my_robot_controller
[0.828s] copying my_robot_controller/__init__.py -> /home/suyanne/Documents/edra/ros2_ws/build/my_robot_controller/build/lib/my_robot_controller
[0.828s] running install
[0.828s] /usr/lib/python3/dist-packages/setuptools/command/install.py:34: SetuptoolsDeprecationWarning: setup.py install is deprecated. Use build and pip and other standards-based tools.
[0.828s]   warnings.warn(
[0.828s] running install_lib
[0.829s] creating /home/suyanne/Documents/edra/ros2_ws/install/my_robot_controller/lib/python3.10/site-packages/my_robot_controller
[0.829s] copying /home/suyanne/Documents/edra/ros2_ws/build/my_robot_controller/build/lib/my_robot_controller/__init__.py -> /home/suyanne/Documents/edra/ros2_ws/install/my_robot_controller/lib/python3.10/site-packages/my_robot_controller
[0.829s] byte-compiling /home/suyanne/Documents/edra/ros2_ws/install/my_robot_controller/lib/python3.10/site-packages/my_robot_controller/__init__.py to __init__.cpython-310.pyc
[0.829s] running install_data
[0.830s] creating /home/suyanne/Documents/edra/ros2_ws/install/my_robot_controller/share/ament_index
[0.830s] creating /home/suyanne/Documents/edra/ros2_ws/install/my_robot_controller/share/ament_index/resource_index
[0.830s] creating /home/suyanne/Documents/edra/ros2_ws/install/my_robot_controller/share/ament_index/resource_index/packages
[0.830s] copying resource/my_robot_controller -> /home/suyanne/Documents/edra/ros2_ws/install/my_robot_controller/share/ament_index/resource_index/packages
[0.830s] copying package.xml -> /home/suyanne/Documents/edra/ros2_ws/install/my_robot_controller/share/my_robot_controller
[0.830s] running install_egg_info
[0.831s] Copying ../../build/my_robot_controller/my_robot_controller.egg-info to /home/suyanne/Documents/edra/ros2_ws/install/my_robot_controller/lib/python3.10/site-packages/my_robot_controller-0.0.0-py3.10.egg-info
[0.832s] running install_scripts
[0.850s] writing list of installed files to '/home/suyanne/Documents/edra/ros2_ws/build/my_robot_controller/install.log'
[0.869s] Invoked command in '/home/suyanne/Documents/edra/ros2_ws/src/my_robot_controller' returned '0': PYTHONPATH=/home/suyanne/Documents/edra/ros2_ws/build/my_robot_controller/prefix_override:/home/suyanne/Documents/edra/ros2_ws/install/my_robot_controller/lib/python3.10/site-packages:${PYTHONPATH} /usr/bin/python3 setup.py egg_info --egg-base ../../build/my_robot_controller build --build-base /home/suyanne/Documents/edra/ros2_ws/build/my_robot_controller/build install --record /home/suyanne/Documents/edra/ros2_ws/build/my_robot_controller/install.log --single-version-externally-managed
