[0.549s] Invoking command in '/home/suyanne/Documents/edra/ros2_ws/src/my_robot_controller': PYTHONPATH=/home/suyanne/Documents/edra/ros2_ws/build/my_robot_controller/prefix_override:/home/suyanne/Documents/edra/ros2_ws/install/my_robot_controller/lib/python3.10/site-packages:${PYTHONPATH} /usr/bin/python3 setup.py egg_info --egg-base ../../build/my_robot_controller build --build-base /home/suyanne/Documents/edra/ros2_ws/build/my_robot_controller/build install --record /home/suyanne/Documents/edra/ros2_ws/build/my_robot_controller/install.log --single-version-externally-managed
[0.730s] running egg_info
[0.731s] writing ../../build/my_robot_controller/my_robot_controller.egg-info/PKG-INFO
[0.731s] writing dependency_links to ../../build/my_robot_controller/my_robot_controller.egg-info/dependency_links.txt
[0.731s] writing entry points to ../../build/my_robot_controller/my_robot_controller.egg-info/entry_points.txt
[0.731s] writing requirements to ../../build/my_robot_controller/my_robot_controller.egg-info/requires.txt
[0.731s] writing top-level names to ../../build/my_robot_controller/my_robot_controller.egg-info/top_level.txt
[0.733s] reading manifest file '../../build/my_robot_controller/my_robot_controller.egg-info/SOURCES.txt'
[0.734s] writing manifest file '../../build/my_robot_controller/my_robot_controller.egg-info/SOURCES.txt'
[0.734s] running build
[0.734s] running build_py
[0.734s] running install
[0.734s] /usr/lib/python3/dist-packages/setuptools/command/install.py:34: SetuptoolsDeprecationWarning: setup.py install is deprecated. Use build and pip and other standards-based tools.
[0.734s]   warnings.warn(
[0.734s] running install_lib
[0.735s] running install_data
[0.735s] running install_egg_info
[0.737s] removing '/home/suyanne/Documents/edra/ros2_ws/install/my_robot_controller/lib/python3.10/site-packages/my_robot_controller-0.0.0-py3.10.egg-info' (and everything under it)
[0.737s] Copying ../../build/my_robot_controller/my_robot_controller.egg-info to /home/suyanne/Documents/edra/ros2_ws/install/my_robot_controller/lib/python3.10/site-packages/my_robot_controller-0.0.0-py3.10.egg-info
[0.738s] running install_scripts
[0.754s] writing list of installed files to '/home/suyanne/Documents/edra/ros2_ws/build/my_robot_controller/install.log'
[0.773s] Invoked command in '/home/suyanne/Documents/edra/ros2_ws/src/my_robot_controller' returned '0': PYTHONPATH=/home/suyanne/Documents/edra/ros2_ws/build/my_robot_controller/prefix_override:/home/suyanne/Documents/edra/ros2_ws/install/my_robot_controller/lib/python3.10/site-packages:${PYTHONPATH} /usr/bin/python3 setup.py egg_info --egg-base ../../build/my_robot_controller build --build-base /home/suyanne/Documents/edra/ros2_ws/build/my_robot_controller/build install --record /home/suyanne/Documents/edra/ros2_ws/build/my_robot_controller/install.log --single-version-externally-managed
